2022-12-13 10:27:59.121  INFO 16824 --- [restartedMain] c.e.userapplication.UserApplication      : Starting UserApplication using Java 18.0.2.1 on DESKTOP-M6NP5L4 with PID 16824 (C:\Users\hp\Desktop\Tushar class VVIMP\bridgelabz\Spring\UserApplication\userApplication\target\classes started by hp in C:\Users\hp\Desktop\Tushar class VVIMP\bridgelabz\Spring\UserApplication\userApplication)
2022-12-13 10:27:59.136  INFO 16824 --- [restartedMain] c.e.userapplication.UserApplication      : No active profile set, falling back to 1 default profile: "default"
2022-12-13 10:27:59.346  INFO 16824 --- [restartedMain] .e.DevToolsPropertyDefaultsPostProcessor : Devtools property defaults active! Set 'spring.devtools.add-properties' to 'false' to disable
2022-12-13 10:27:59.349  INFO 16824 --- [restartedMain] .e.DevToolsPropertyDefaultsPostProcessor : For additional web related logging consider setting the 'logging.level.web' property to 'DEBUG'
2022-12-13 10:28:02.973  INFO 16824 --- [restartedMain] .s.d.r.c.RepositoryConfigurationDelegate : Multiple Spring Data modules found, entering strict repository configuration mode
2022-12-13 10:28:02.998  INFO 16824 --- [restartedMain] .s.d.r.c.RepositoryConfigurationDelegate : Bootstrapping Spring Data JDBC repositories in DEFAULT mode.
2022-12-13 10:28:03.164  INFO 16824 --- [restartedMain] .RepositoryConfigurationExtensionSupport : Spring Data JDBC - Could not safely identify store assignment for repository candidate interface com.example.userapplication.repository.UserRepositery; If you want this repository to be a JDBC repository, consider annotating your entities with one of these annotations: org.springframework.data.relational.core.mapping.Table.
2022-12-13 10:28:03.170  INFO 16824 --- [restartedMain] .s.d.r.c.RepositoryConfigurationDelegate : Finished Spring Data repository scanning in 145 ms. Found 0 JDBC repository interfaces.
2022-12-13 10:28:03.228  INFO 16824 --- [restartedMain] .s.d.r.c.RepositoryConfigurationDelegate : Multiple Spring Data modules found, entering strict repository configuration mode
2022-12-13 10:28:03.233  INFO 16824 --- [restartedMain] .s.d.r.c.RepositoryConfigurationDelegate : Bootstrapping Spring Data JPA repositories in DEFAULT mode.
2022-12-13 10:28:03.376  INFO 16824 --- [restartedMain] .s.d.r.c.RepositoryConfigurationDelegate : Finished Spring Data repository scanning in 114 ms. Found 1 JPA repository interfaces.
2022-12-13 10:28:06.072  INFO 16824 --- [restartedMain] o.s.b.w.embedded.tomcat.TomcatWebServer  : Tomcat initialized with port(s): 8080 (http)
2022-12-13 10:28:06.124  INFO 16824 --- [restartedMain] o.apache.catalina.core.StandardService   : Starting service [Tomcat]
2022-12-13 10:28:06.126  INFO 16824 --- [restartedMain] org.apache.catalina.core.StandardEngine  : Starting Servlet engine: [Apache Tomcat/9.0.64]
2022-12-13 10:28:06.551  INFO 16824 --- [restartedMain] o.a.c.c.C.[Tomcat].[localhost].[/]       : Initializing Spring embedded WebApplicationContext
2022-12-13 10:28:06.552  INFO 16824 --- [restartedMain] w.s.c.ServletWebServerApplicationContext : Root WebApplicationContext: initialization completed in 7200 ms
2022-12-13 10:28:07.157  INFO 16824 --- [restartedMain] o.hibernate.jpa.internal.util.LogHelper  : HHH000204: Processing PersistenceUnitInfo [name: default]
2022-12-13 10:28:07.483  INFO 16824 --- [restartedMain] org.hibernate.Version                    : HHH000412: Hibernate ORM core version 5.6.9.Final
2022-12-13 10:28:08.366  INFO 16824 --- [restartedMain] o.hibernate.annotations.common.Version   : HCANN000001: Hibernate Commons Annotations {5.1.2.Final}
2022-12-13 10:28:08.901  INFO 16824 --- [restartedMain] com.zaxxer.hikari.HikariDataSource       : HikariPool-1 - Starting...
2022-12-13 10:28:10.536  INFO 16824 --- [restartedMain] com.zaxxer.hikari.HikariDataSource       : HikariPool-1 - Start completed.
2022-12-13 10:28:10.697  INFO 16824 --- [restartedMain] org.hibernate.dialect.Dialect            : HHH000400: Using dialect: org.hibernate.dialect.MySQL8Dialect
2022-12-13 10:28:13.311  INFO 16824 --- [restartedMain] o.h.e.t.j.p.i.JtaPlatformInitiator       : HHH000490: Using JtaPlatform implementation: [org.hibernate.engine.transaction.jta.platform.internal.NoJtaPlatform]
2022-12-13 10:28:13.346  INFO 16824 --- [restartedMain] j.LocalContainerEntityManagerFactoryBean : Initialized JPA EntityManagerFactory for persistence unit 'default'
2022-12-13 10:28:15.838  WARN 16824 --- [restartedMain] JpaBaseConfiguration$JpaWebConfiguration : spring.jpa.open-in-view is enabled by default. Therefore, database queries may be performed during view rendering. Explicitly configure spring.jpa.open-in-view to disable this warning
2022-12-13 10:28:16.856  INFO 16824 --- [restartedMain] o.s.b.d.a.OptionalLiveReloadServer       : LiveReload server is running on port 35729
2022-12-13 10:28:18.055  INFO 16824 --- [restartedMain] o.s.b.w.embedded.tomcat.TomcatWebServer  : Tomcat started on port(s): 8080 (http) with context path ''
2022-12-13 10:28:19.229  INFO 16824 --- [restartedMain] c.e.userapplication.UserApplication      : Started UserApplication in 21.172 seconds (JVM running for 23.368)
2022-12-13 10:28:26.602  INFO 16824 --- [http-nio-8080-exec-1] o.a.c.c.C.[Tomcat].[localhost].[/]       : Initializing Spring DispatcherServlet 'dispatcherServlet'
2022-12-13 10:28:26.603  INFO 16824 --- [http-nio-8080-exec-1] o.s.web.servlet.DispatcherServlet        : Initializing Servlet 'dispatcherServlet'
2022-12-13 10:28:26.607  INFO 16824 --- [http-nio-8080-exec-1] o.s.web.servlet.DispatcherServlet        : Completed initialization in 3 ms
2022-12-13 10:32:52.757  INFO 16824 --- [SpringApplicationShutdownHook] j.LocalContainerEntityManagerFactoryBean : Closing JPA EntityManagerFactory for persistence unit 'default'
2022-12-13 10:32:52.781  INFO 16824 --- [SpringApplicationShutdownHook] com.zaxxer.hikari.HikariDataSource       : HikariPool-1 - Shutdown initiated...
2022-12-13 10:32:52.941  INFO 16824 --- [SpringApplicationShutdownHook] com.zaxxer.hikari.HikariDataSource       : HikariPool-1 - Shutdown completed.
2022-12-13 10:33:08.306  INFO 8412 --- [restartedMain] c.e.userapplication.UserApplication      : Starting UserApplication using Java 18.0.2.1 on DESKTOP-M6NP5L4 with PID 8412 (C:\Users\hp\Desktop\Tushar class VVIMP\bridgelabz\Spring\UserApplication\userApplication\target\classes started by hp in C:\Users\hp\Desktop\Tushar class VVIMP\bridgelabz\Spring\UserApplication\userApplication)
2022-12-13 10:33:08.312  INFO 8412 --- [restartedMain] c.e.userapplication.UserApplication      : No active profile set, falling back to 1 default profile: "default"
2022-12-13 10:33:08.485  INFO 8412 --- [restartedMain] .e.DevToolsPropertyDefaultsPostProcessor : Devtools property defaults active! Set 'spring.devtools.add-properties' to 'false' to disable
2022-12-13 10:33:08.485  INFO 8412 --- [restartedMain] .e.DevToolsPropertyDefaultsPostProcessor : For additional web related logging consider setting the 'logging.level.web' property to 'DEBUG'
2022-12-13 10:33:11.368  INFO 8412 --- [restartedMain] .s.d.r.c.RepositoryConfigurationDelegate : Multiple Spring Data modules found, entering strict repository configuration mode
2022-12-13 10:33:11.374  INFO 8412 --- [restartedMain] .s.d.r.c.RepositoryConfigurationDelegate : Bootstrapping Spring Data JDBC repositories in DEFAULT mode.
2022-12-13 10:33:11.480  INFO 8412 --- [restartedMain] .RepositoryConfigurationExtensionSupport : Spring Data JDBC - Could not safely identify store assignment for repository candidate interface com.example.userapplication.repository.UserRepositery; If you want this repository to be a JDBC repository, consider annotating your entities with one of these annotations: org.springframework.data.relational.core.mapping.Table.
2022-12-13 10:33:11.482  INFO 8412 --- [restartedMain] .s.d.r.c.RepositoryConfigurationDelegate : Finished Spring Data repository scanning in 92 ms. Found 0 JDBC repository interfaces.
2022-12-13 10:33:11.517  INFO 8412 --- [restartedMain] .s.d.r.c.RepositoryConfigurationDelegate : Multiple Spring Data modules found, entering strict repository configuration mode
2022-12-13 10:33:11.521  INFO 8412 --- [restartedMain] .s.d.r.c.RepositoryConfigurationDelegate : Bootstrapping Spring Data JPA repositories in DEFAULT mode.
2022-12-13 10:33:11.647  INFO 8412 --- [restartedMain] .s.d.r.c.RepositoryConfigurationDelegate : Finished Spring Data repository scanning in 108 ms. Found 1 JPA repository interfaces.
2022-12-13 10:33:14.201  INFO 8412 --- [restartedMain] o.s.b.w.embedded.tomcat.TomcatWebServer  : Tomcat initialized with port(s): 8080 (http)
2022-12-13 10:33:14.243  INFO 8412 --- [restartedMain] o.apache.catalina.core.StandardService   : Starting service [Tomcat]
2022-12-13 10:33:14.245  INFO 8412 --- [restartedMain] org.apache.catalina.core.StandardEngine  : Starting Servlet engine: [Apache Tomcat/9.0.64]
2022-12-13 10:33:14.721  INFO 8412 --- [restartedMain] o.a.c.c.C.[Tomcat].[localhost].[/]       : Initializing Spring embedded WebApplicationContext
2022-12-13 10:33:14.723  INFO 8412 --- [restartedMain] w.s.c.ServletWebServerApplicationContext : Root WebApplicationContext: initialization completed in 6238 ms
2022-12-13 10:33:15.499  INFO 8412 --- [restartedMain] o.hibernate.jpa.internal.util.LogHelper  : HHH000204: Processing PersistenceUnitInfo [name: default]
2022-12-13 10:33:15.801  INFO 8412 --- [restartedMain] org.hibernate.Version                    : HHH000412: Hibernate ORM core version 5.6.9.Final
2022-12-13 10:33:16.646  INFO 8412 --- [restartedMain] o.hibernate.annotations.common.Version   : HCANN000001: Hibernate Commons Annotations {5.1.2.Final}
2022-12-13 10:33:17.132  INFO 8412 --- [restartedMain] com.zaxxer.hikari.HikariDataSource       : HikariPool-1 - Starting...
2022-12-13 10:33:18.659  INFO 8412 --- [restartedMain] com.zaxxer.hikari.HikariDataSource       : HikariPool-1 - Start completed.
2022-12-13 10:33:18.834  INFO 8412 --- [restartedMain] org.hibernate.dialect.Dialect            : HHH000400: Using dialect: org.hibernate.dialect.MySQL8Dialect
2022-12-13 10:33:21.075  INFO 8412 --- [restartedMain] o.h.e.t.j.p.i.JtaPlatformInitiator       : HHH000490: Using JtaPlatform implementation: [org.hibernate.engine.transaction.jta.platform.internal.NoJtaPlatform]
2022-12-13 10:33:21.100  INFO 8412 --- [restartedMain] j.LocalContainerEntityManagerFactoryBean : Initialized JPA EntityManagerFactory for persistence unit 'default'
2022-12-13 10:33:22.585  WARN 8412 --- [restartedMain] JpaBaseConfiguration$JpaWebConfiguration : spring.jpa.open-in-view is enabled by default. Therefore, database queries may be performed during view rendering. Explicitly configure spring.jpa.open-in-view to disable this warning
2022-12-13 10:33:23.180  INFO 8412 --- [restartedMain] o.s.b.d.a.OptionalLiveReloadServer       : LiveReload server is running on port 35729
2022-12-13 10:33:23.886  INFO 8412 --- [restartedMain] o.s.b.w.embedded.tomcat.TomcatWebServer  : Tomcat started on port(s): 8080 (http) with context path ''
2022-12-13 10:33:24.416  INFO 8412 --- [restartedMain] c.e.userapplication.UserApplication      : Started UserApplication in 17.63 seconds (JVM running for 20.22)
2022-12-13 10:46:01.273  INFO 8412 --- [SpringApplicationShutdownHook] j.LocalContainerEntityManagerFactoryBean : Closing JPA EntityManagerFactory for persistence unit 'default'
2022-12-13 10:46:01.288  INFO 8412 --- [SpringApplicationShutdownHook] com.zaxxer.hikari.HikariDataSource       : HikariPool-1 - Shutdown initiated...
2022-12-13 10:46:01.325  INFO 8412 --- [SpringApplicationShutdownHook] com.zaxxer.hikari.HikariDataSource       : HikariPool-1 - Shutdown completed.
2022-12-13 10:46:17.161  INFO 12348 --- [restartedMain] c.e.userapplication.UserApplication      : Starting UserApplication using Java 18.0.2.1 on DESKTOP-M6NP5L4 with PID 12348 (C:\Users\hp\Desktop\Tushar class VVIMP\bridgelabz\Spring\UserApplication\userApplication\target\classes started by hp in C:\Users\hp\Desktop\Tushar class VVIMP\bridgelabz\Spring\UserApplication\userApplication)
2022-12-13 10:46:17.164  INFO 12348 --- [restartedMain] c.e.userapplication.UserApplication      : No active profile set, falling back to 1 default profile: "default"
2022-12-13 10:46:17.410  INFO 12348 --- [restartedMain] .e.DevToolsPropertyDefaultsPostProcessor : Devtools property defaults active! Set 'spring.devtools.add-properties' to 'false' to disable
2022-12-13 10:46:17.411  INFO 12348 --- [restartedMain] .e.DevToolsPropertyDefaultsPostProcessor : For additional web related logging consider setting the 'logging.level.web' property to 'DEBUG'
2022-12-13 10:46:20.005  INFO 12348 --- [restartedMain] .s.d.r.c.RepositoryConfigurationDelegate : Multiple Spring Data modules found, entering strict repository configuration mode
2022-12-13 10:46:20.010  INFO 12348 --- [restartedMain] .s.d.r.c.RepositoryConfigurationDelegate : Bootstrapping Spring Data JDBC repositories in DEFAULT mode.
2022-12-13 10:46:20.179  INFO 12348 --- [restartedMain] .RepositoryConfigurationExtensionSupport : Spring Data JDBC - Could not safely identify store assignment for repository candidate interface com.example.userapplication.repository.UserRepositery; If you want this repository to be a JDBC repository, consider annotating your entities with one of these annotations: org.springframework.data.relational.core.mapping.Table.
2022-12-13 10:46:20.182  INFO 12348 --- [restartedMain] .s.d.r.c.RepositoryConfigurationDelegate : Finished Spring Data repository scanning in 155 ms. Found 0 JDBC repository interfaces.
2022-12-13 10:46:20.205  INFO 12348 --- [restartedMain] .s.d.r.c.RepositoryConfigurationDelegate : Multiple Spring Data modules found, entering strict repository configuration mode
2022-12-13 10:46:20.207  INFO 12348 --- [restartedMain] .s.d.r.c.RepositoryConfigurationDelegate : Bootstrapping Spring Data JPA repositories in DEFAULT mode.
2022-12-13 10:46:20.299  INFO 12348 --- [restartedMain] .s.d.r.c.RepositoryConfigurationDelegate : Finished Spring Data repository scanning in 74 ms. Found 1 JPA repository interfaces.
2022-12-13 10:46:22.813  INFO 12348 --- [restartedMain] o.s.b.w.embedded.tomcat.TomcatWebServer  : Tomcat initialized with port(s): 8080 (http)
2022-12-13 10:46:22.862  INFO 12348 --- [restartedMain] o.apache.catalina.core.StandardService   : Starting service [Tomcat]
2022-12-13 10:46:22.863  INFO 12348 --- [restartedMain] org.apache.catalina.core.StandardEngine  : Starting Servlet engine: [Apache Tomcat/9.0.64]
2022-12-13 10:46:23.411  INFO 12348 --- [restartedMain] o.a.c.c.C.[Tomcat].[localhost].[/]       : Initializing Spring embedded WebApplicationContext
2022-12-13 10:46:23.411  INFO 12348 --- [restartedMain] w.s.c.ServletWebServerApplicationContext : Root WebApplicationContext: initialization completed in 5998 ms
2022-12-13 10:46:24.169  INFO 12348 --- [restartedMain] o.hibernate.jpa.internal.util.LogHelper  : HHH000204: Processing PersistenceUnitInfo [name: default]
2022-12-13 10:46:24.470  INFO 12348 --- [restartedMain] org.hibernate.Version                    : HHH000412: Hibernate ORM core version 5.6.9.Final
2022-12-13 10:46:25.455  INFO 12348 --- [restartedMain] o.hibernate.annotations.common.Version   : HCANN000001: Hibernate Commons Annotations {5.1.2.Final}
2022-12-13 10:46:25.956  INFO 12348 --- [restartedMain] com.zaxxer.hikari.HikariDataSource       : HikariPool-1 - Starting...
2022-12-13 10:46:26.990  INFO 12348 --- [restartedMain] com.zaxxer.hikari.HikariDataSource       : HikariPool-1 - Start completed.
2022-12-13 10:46:27.171  INFO 12348 --- [restartedMain] org.hibernate.dialect.Dialect            : HHH000400: Using dialect: org.hibernate.dialect.MySQL8Dialect
2022-12-13 10:46:29.401  INFO 12348 --- [restartedMain] o.h.e.t.j.p.i.JtaPlatformInitiator       : HHH000490: Using JtaPlatform implementation: [org.hibernate.engine.transaction.jta.platform.internal.NoJtaPlatform]
2022-12-13 10:46:29.451  INFO 12348 --- [restartedMain] j.LocalContainerEntityManagerFactoryBean : Initialized JPA EntityManagerFactory for persistence unit 'default'
2022-12-13 10:46:31.721  WARN 12348 --- [restartedMain] JpaBaseConfiguration$JpaWebConfiguration : spring.jpa.open-in-view is enabled by default. Therefore, database queries may be performed during view rendering. Explicitly configure spring.jpa.open-in-view to disable this warning
2022-12-13 10:46:32.669  INFO 12348 --- [restartedMain] o.s.b.d.a.OptionalLiveReloadServer       : LiveReload server is running on port 35729
2022-12-13 10:46:33.801  INFO 12348 --- [restartedMain] o.s.b.w.embedded.tomcat.TomcatWebServer  : Tomcat started on port(s): 8080 (http) with context path ''
2022-12-13 10:46:34.818  INFO 12348 --- [restartedMain] c.e.userapplication.UserApplication      : Started UserApplication in 18.738 seconds (JVM running for 21.486)
2022-12-13 10:55:43.233  INFO 12348 --- [SpringApplicationShutdownHook] j.LocalContainerEntityManagerFactoryBean : Closing JPA EntityManagerFactory for persistence unit 'default'
2022-12-13 10:55:43.254  INFO 12348 --- [SpringApplicationShutdownHook] com.zaxxer.hikari.HikariDataSource       : HikariPool-1 - Shutdown initiated...
2022-12-13 10:55:43.535  INFO 12348 --- [SpringApplicationShutdownHook] com.zaxxer.hikari.HikariDataSource       : HikariPool-1 - Shutdown completed.
2022-12-13 10:55:58.715  INFO 16372 --- [restartedMain] c.e.userapplication.UserApplication      : Starting UserApplication using Java 18.0.2.1 on DESKTOP-M6NP5L4 with PID 16372 (C:\Users\hp\Desktop\Tushar class VVIMP\bridgelabz\Spring\UserApplication\userApplication\target\classes started by hp in C:\Users\hp\Desktop\Tushar class VVIMP\bridgelabz\Spring\UserApplication\userApplication)
2022-12-13 10:55:58.720  INFO 16372 --- [restartedMain] c.e.userapplication.UserApplication      : No active profile set, falling back to 1 default profile: "default"
2022-12-13 10:55:58.940  INFO 16372 --- [restartedMain] .e.DevToolsPropertyDefaultsPostProcessor : Devtools property defaults active! Set 'spring.devtools.add-properties' to 'false' to disable
2022-12-13 10:55:58.941  INFO 16372 --- [restartedMain] .e.DevToolsPropertyDefaultsPostProcessor : For additional web related logging consider setting the 'logging.level.web' property to 'DEBUG'
2022-12-13 10:56:01.435  INFO 16372 --- [restartedMain] .s.d.r.c.RepositoryConfigurationDelegate : Multiple Spring Data modules found, entering strict repository configuration mode
2022-12-13 10:56:01.441  INFO 16372 --- [restartedMain] .s.d.r.c.RepositoryConfigurationDelegate : Bootstrapping Spring Data JDBC repositories in DEFAULT mode.
2022-12-13 10:56:01.598  INFO 16372 --- [restartedMain] .RepositoryConfigurationExtensionSupport : Spring Data JDBC - Could not safely identify store assignment for repository candidate interface com.example.userapplication.repository.UserRepositery; If you want this repository to be a JDBC repository, consider annotating your entities with one of these annotations: org.springframework.data.relational.core.mapping.Table.
2022-12-13 10:56:01.603  INFO 16372 --- [restartedMain] .s.d.r.c.RepositoryConfigurationDelegate : Finished Spring Data repository scanning in 125 ms. Found 0 JDBC repository interfaces.
2022-12-13 10:56:01.646  INFO 16372 --- [restartedMain] .s.d.r.c.RepositoryConfigurationDelegate : Multiple Spring Data modules found, entering strict repository configuration mode
2022-12-13 10:56:01.652  INFO 16372 --- [restartedMain] .s.d.r.c.RepositoryConfigurationDelegate : Bootstrapping Spring Data JPA repositories in DEFAULT mode.
2022-12-13 10:56:01.783  INFO 16372 --- [restartedMain] .s.d.r.c.RepositoryConfigurationDelegate : Finished Spring Data repository scanning in 100 ms. Found 1 JPA repository interfaces.
2022-12-13 10:56:04.644  INFO 16372 --- [restartedMain] o.s.b.w.embedded.tomcat.TomcatWebServer  : Tomcat initialized with port(s): 8080 (http)
2022-12-13 10:56:04.686  INFO 16372 --- [restartedMain] o.apache.catalina.core.StandardService   : Starting service [Tomcat]
2022-12-13 10:56:04.687  INFO 16372 --- [restartedMain] org.apache.catalina.core.StandardEngine  : Starting Servlet engine: [Apache Tomcat/9.0.64]
2022-12-13 10:56:05.166  INFO 16372 --- [restartedMain] o.a.c.c.C.[Tomcat].[localhost].[/]       : Initializing Spring embedded WebApplicationContext
2022-12-13 10:56:05.167  INFO 16372 --- [restartedMain] w.s.c.ServletWebServerApplicationContext : Root WebApplicationContext: initialization completed in 6225 ms
2022-12-13 10:56:05.851  INFO 16372 --- [restartedMain] o.hibernate.jpa.internal.util.LogHelper  : HHH000204: Processing PersistenceUnitInfo [name: default]
2022-12-13 10:56:06.097  INFO 16372 --- [restartedMain] org.hibernate.Version                    : HHH000412: Hibernate ORM core version 5.6.9.Final
2022-12-13 10:56:06.750  INFO 16372 --- [restartedMain] o.hibernate.annotations.common.Version   : HCANN000001: Hibernate Commons Annotations {5.1.2.Final}
2022-12-13 10:56:07.249  INFO 16372 --- [restartedMain] com.zaxxer.hikari.HikariDataSource       : HikariPool-1 - Starting...
2022-12-13 10:56:08.656  INFO 16372 --- [restartedMain] com.zaxxer.hikari.HikariDataSource       : HikariPool-1 - Start completed.
2022-12-13 10:56:08.807  INFO 16372 --- [restartedMain] org.hibernate.dialect.Dialect            : HHH000400: Using dialect: org.hibernate.dialect.MySQL8Dialect
2022-12-13 10:56:11.137  INFO 16372 --- [restartedMain] o.h.e.t.j.p.i.JtaPlatformInitiator       : HHH000490: Using JtaPlatform implementation: [org.hibernate.engine.transaction.jta.platform.internal.NoJtaPlatform]
2022-12-13 10:56:11.164  INFO 16372 --- [restartedMain] j.LocalContainerEntityManagerFactoryBean : Initialized JPA EntityManagerFactory for persistence unit 'default'
2022-12-13 10:56:13.364  WARN 16372 --- [restartedMain] JpaBaseConfiguration$JpaWebConfiguration : spring.jpa.open-in-view is enabled by default. Therefore, database queries may be performed during view rendering. Explicitly configure spring.jpa.open-in-view to disable this warning
2022-12-13 10:56:14.379  INFO 16372 --- [restartedMain] o.s.b.d.a.OptionalLiveReloadServer       : LiveReload server is running on port 35729
2022-12-13 10:56:15.622  INFO 16372 --- [restartedMain] o.s.b.w.embedded.tomcat.TomcatWebServer  : Tomcat started on port(s): 8080 (http) with context path ''
2022-12-13 10:56:16.609  INFO 16372 --- [restartedMain] c.e.userapplication.UserApplication      : Started UserApplication in 19.309 seconds (JVM running for 21.073)
2022-12-13 10:56:18.266  INFO 16372 --- [http-nio-8080-exec-1] o.a.c.c.C.[Tomcat].[localhost].[/]       : Initializing Spring DispatcherServlet 'dispatcherServlet'
2022-12-13 10:56:18.268  INFO 16372 --- [http-nio-8080-exec-1] o.s.web.servlet.DispatcherServlet        : Initializing Servlet 'dispatcherServlet'
2022-12-13 10:56:18.275  INFO 16372 --- [http-nio-8080-exec-1] o.s.web.servlet.DispatcherServlet        : Completed initialization in 7 ms
2022-12-13 11:24:04.862  INFO 16372 --- [SpringApplicationShutdownHook] j.LocalContainerEntityManagerFactoryBean : Closing JPA EntityManagerFactory for persistence unit 'default'
2022-12-13 11:24:04.875  INFO 16372 --- [SpringApplicationShutdownHook] com.zaxxer.hikari.HikariDataSource       : HikariPool-1 - Shutdown initiated...
2022-12-13 11:24:04.898  INFO 16372 --- [SpringApplicationShutdownHook] com.zaxxer.hikari.HikariDataSource       : HikariPool-1 - Shutdown completed.
2022-12-13 19:03:45.933  INFO 16400 --- [restartedMain] c.e.userapplication.UserApplication      : Starting UserApplication using Java 18.0.2.1 on DESKTOP-M6NP5L4 with PID 16400 (C:\Users\hp\Desktop\Tushar class VVIMP\bridgelabz\Spring\UserApplication\userApplication\target\classes started by hp in C:\Users\hp\Desktop\Tushar class VVIMP\bridgelabz\Spring\UserApplication\userApplication)
2022-12-13 19:03:45.940  INFO 16400 --- [restartedMain] c.e.userapplication.UserApplication      : No active profile set, falling back to 1 default profile: "default"
2022-12-13 19:03:46.268  INFO 16400 --- [restartedMain] .e.DevToolsPropertyDefaultsPostProcessor : Devtools property defaults active! Set 'spring.devtools.add-properties' to 'false' to disable
2022-12-13 19:03:46.271  INFO 16400 --- [restartedMain] .e.DevToolsPropertyDefaultsPostProcessor : For additional web related logging consider setting the 'logging.level.web' property to 'DEBUG'
2022-12-13 19:03:50.116  INFO 16400 --- [restartedMain] .s.d.r.c.RepositoryConfigurationDelegate : Multiple Spring Data modules found, entering strict repository configuration mode
2022-12-13 19:03:50.125  INFO 16400 --- [restartedMain] .s.d.r.c.RepositoryConfigurationDelegate : Bootstrapping Spring Data JDBC repositories in DEFAULT mode.
2022-12-13 19:03:50.266  INFO 16400 --- [restartedMain] .RepositoryConfigurationExtensionSupport : Spring Data JDBC - Could not safely identify store assignment for repository candidate interface com.example.userapplication.repository.UserRepositery; If you want this repository to be a JDBC repository, consider annotating your entities with one of these annotations: org.springframework.data.relational.core.mapping.Table.
2022-12-13 19:03:50.271  INFO 16400 --- [restartedMain] .s.d.r.c.RepositoryConfigurationDelegate : Finished Spring Data repository scanning in 125 ms. Found 0 JDBC repository interfaces.
2022-12-13 19:03:50.324  INFO 16400 --- [restartedMain] .s.d.r.c.RepositoryConfigurationDelegate : Multiple Spring Data modules found, entering strict repository configuration mode
2022-12-13 19:03:50.330  INFO 16400 --- [restartedMain] .s.d.r.c.RepositoryConfigurationDelegate : Bootstrapping Spring Data JPA repositories in DEFAULT mode.
2022-12-13 19:03:50.515  INFO 16400 --- [restartedMain] .s.d.r.c.RepositoryConfigurationDelegate : Finished Spring Data repository scanning in 153 ms. Found 1 JPA repository interfaces.
2022-12-13 19:03:53.426  INFO 16400 --- [restartedMain] o.s.b.w.embedded.tomcat.TomcatWebServer  : Tomcat initialized with port(s): 8080 (http)
2022-12-13 19:03:53.491  INFO 16400 --- [restartedMain] o.apache.catalina.core.StandardService   : Starting service [Tomcat]
2022-12-13 19:03:53.493  INFO 16400 --- [restartedMain] org.apache.catalina.core.StandardEngine  : Starting Servlet engine: [Apache Tomcat/9.0.64]
2022-12-13 19:03:53.843  INFO 16400 --- [restartedMain] o.a.c.c.C.[Tomcat].[localhost].[/]       : Initializing Spring embedded WebApplicationContext
2022-12-13 19:03:53.844  INFO 16400 --- [restartedMain] w.s.c.ServletWebServerApplicationContext : Root WebApplicationContext: initialization completed in 7569 ms
2022-12-13 19:03:54.514  INFO 16400 --- [restartedMain] o.hibernate.jpa.internal.util.LogHelper  : HHH000204: Processing PersistenceUnitInfo [name: default]
2022-12-13 19:03:54.821  INFO 16400 --- [restartedMain] org.hibernate.Version                    : HHH000412: Hibernate ORM core version 5.6.9.Final
2022-12-13 19:03:55.811  INFO 16400 --- [restartedMain] o.hibernate.annotations.common.Version   : HCANN000001: Hibernate Commons Annotations {5.1.2.Final}
2022-12-13 19:03:56.402  INFO 16400 --- [restartedMain] com.zaxxer.hikari.HikariDataSource       : HikariPool-1 - Starting...
2022-12-13 19:03:58.189  INFO 16400 --- [restartedMain] com.zaxxer.hikari.HikariDataSource       : HikariPool-1 - Start completed.
2022-12-13 19:03:58.352  INFO 16400 --- [restartedMain] org.hibernate.dialect.Dialect            : HHH000400: Using dialect: org.hibernate.dialect.MySQL8Dialect
2022-12-13 19:04:01.665  INFO 16400 --- [restartedMain] o.h.e.t.j.p.i.JtaPlatformInitiator       : HHH000490: Using JtaPlatform implementation: [org.hibernate.engine.transaction.jta.platform.internal.NoJtaPlatform]
2022-12-13 19:04:01.708  INFO 16400 --- [restartedMain] j.LocalContainerEntityManagerFactoryBean : Initialized JPA EntityManagerFactory for persistence unit 'default'
2022-12-13 19:04:04.451  WARN 16400 --- [restartedMain] JpaBaseConfiguration$JpaWebConfiguration : spring.jpa.open-in-view is enabled by default. Therefore, database queries may be performed during view rendering. Explicitly configure spring.jpa.open-in-view to disable this warning
2022-12-13 19:04:05.527  INFO 16400 --- [restartedMain] o.s.b.d.a.OptionalLiveReloadServer       : LiveReload server is running on port 35729
2022-12-13 19:04:06.891  INFO 16400 --- [restartedMain] o.s.b.w.embedded.tomcat.TomcatWebServer  : Tomcat started on port(s): 8080 (http) with context path ''
2022-12-13 19:04:07.832  INFO 16400 --- [restartedMain] c.e.userapplication.UserApplication      : Started UserApplication in 23.105 seconds (JVM running for 25.456)
2022-12-13 19:04:23.910  INFO 16400 --- [http-nio-8080-exec-2] o.a.c.c.C.[Tomcat].[localhost].[/]       : Initializing Spring DispatcherServlet 'dispatcherServlet'
2022-12-13 19:04:23.910  INFO 16400 --- [http-nio-8080-exec-2] o.s.web.servlet.DispatcherServlet        : Initializing Servlet 'dispatcherServlet'
2022-12-13 19:04:23.914  INFO 16400 --- [http-nio-8080-exec-2] o.s.web.servlet.DispatcherServlet        : Completed initialization in 4 ms
2022-12-13 19:04:43.550  INFO 16400 --- [SpringApplicationShutdownHook] j.LocalContainerEntityManagerFactoryBean : Closing JPA EntityManagerFactory for persistence unit 'default'
2022-12-13 19:04:43.561  INFO 16400 --- [SpringApplicationShutdownHook] com.zaxxer.hikari.HikariDataSource       : HikariPool-1 - Shutdown initiated...
2022-12-13 19:04:43.594  INFO 16400 --- [SpringApplicationShutdownHook] com.zaxxer.hikari.HikariDataSource       : HikariPool-1 - Shutdown completed.
